<?xml version="1.0" encoding="UTF-8"?>
<!-- Generated by org.testng.reporters.JUnitReportReporter -->
<testsuite hostname="DESKTOP-NIBD3Q5" failures="0" tests="1" name="RestAssuredLearn.Get_Post" time="3.753" errors="0" timestamp="2021-09-01T12:18:50 GMT+05:00" skipped="0">
  <testcase classname="RestAssuredLearn.Get_Post" name="postJSON" time="3.753"/>
  <system-out/>
</testsuite> <!-- RestAssuredLearn.Get_Post -->
