<?xml version="1.0" encoding="UTF-8"?>
<!-- Generated by org.testng.reporters.JUnitReportReporter -->
<testsuite hostname="DESKTOP-NIBD3Q5" failures="0" tests="1" name="RestAssuredLearn.RestAPI_Get" time="4.603" errors="0" timestamp="2021-09-01T12:50:38 GMT+05:00" skipped="0">
  <testcase classname="RestAssuredLearn.RestAPI_Get" name="new6" time="4.603"/>
  <system-out/>
</testsuite> <!-- RestAssuredLearn.RestAPI_Get -->
