<?xml version="1.0" encoding="UTF-8"?>
<!-- Generated by org.testng.reporters.JUnitReportReporter -->
<testsuite hostname="DESKTOP-NIBD3Q5" failures="0" tests="1" name="RestAssuredLearn.Get_Patch" time="4.458" errors="0" timestamp="2021-09-01T12:45:45 GMT+05:00" skipped="0">
  <testcase classname="RestAssuredLearn.Get_Patch" name="test1" time="4.458"/>
  <system-out/>
</testsuite> <!-- RestAssuredLearn.Get_Patch -->
