<?xml version="1.0" encoding="UTF-8"?>
<!-- Generated by org.testng.reporters.JUnitReportReporter -->
<testsuite hostname="DESKTOP-NIBD3Q5" failures="0" tests="1" name="RestAssuredLearn.Get_Put" time="3.192" errors="0" timestamp="2021-09-01T12:42:02 GMT+05:00" skipped="0">
  <testcase classname="RestAssuredLearn.Get_Put" name="test1" time="3.192"/>
  <system-out/>
</testsuite> <!-- RestAssuredLearn.Get_Put -->
