<?xml version="1.0" encoding="UTF-8"?>
<!-- Generated by org.testng.reporters.JUnitReportReporter -->
<testsuite hostname="DESKTOP-NIBD3Q5" failures="0" tests="1" name="RestAssuredLearn._Delete" time="3.327" errors="0" timestamp="2021-09-01T12:52:10 GMT+05:00" skipped="0">
  <testcase classname="RestAssuredLearn._Delete" name="delete" time="3.327"/>
  <system-out/>
</testsuite> <!-- RestAssuredLearn._Delete -->
