<?xml version="1.0" encoding="UTF-8"?>
<!-- Generated by org.testng.reporters.JUnitReportReporter -->
<testsuite hostname="DESKTOP-NIBD3Q5" failures="0" tests="1" name="RestAssuredLearn.restAPI" time="2.738" errors="0" timestamp="2021-09-01T11:25:36 GMT+05:00" skipped="0">
  <testcase classname="RestAssuredLearn.restAPI" name="new3" time="2.738"/>
  <system-out/>
</testsuite> <!-- RestAssuredLearn.restAPI -->
